<?xml version="1.0"?>
<!DOCTYPE coverage SYSTEM "http://cobertura.sourceforge.net/xml/coverage-04.dtd">

<coverage line-rate="0.782051282051282" branch-rate="1.0" lines-covered="61" lines-valid="78" branches-covered="12" branches-valid="12" complexity="1.2424242424242424" version="2.0.3" timestamp="1498134785948">
	<sources>
		<source>C:/maven-projects/wcs/src/main/java</source>
		<source>--source</source>
	</sources>
	<packages>
		<package name="com.example.exception" line-rate="0.5" branch-rate="1.0" complexity="1.0">
			<classes>
				<class name="com.example.exception.DivideByZeroException" filename="com/example/exception/DivideByZeroException.java" line-rate="0.5" branch-rate="1.0" complexity="1.0">
					<methods>
						<method name="&lt;init&gt;" signature="()V" line-rate="0.0" branch-rate="1.0">
							<lines>
								<line number="5" hits="0" branch="false"/>
								<line number="6" hits="0" branch="false"/>
							</lines>
						</method>
						<method name="&lt;init&gt;" signature="(Ljava/lang/String;)V" line-rate="1.0" branch-rate="1.0">
							<lines>
								<line number="9" hits="1" branch="false"/>
								<line number="10" hits="1" branch="false"/>
							</lines>
						</method>
					</methods>
					<lines>
						<line number="5" hits="0" branch="false"/>
						<line number="6" hits="0" branch="false"/>
						<line number="9" hits="1" branch="false"/>
						<line number="10" hits="1" branch="false"/>
					</lines>
				</class>
				<class name="com.example.exception.ProductNotFoundException" filename="com/example/exception/ProductNotFoundException.java" line-rate="0.5" branch-rate="1.0" complexity="1.0">
					<methods>
						<method name="&lt;init&gt;" signature="()V" line-rate="0.0" branch-rate="1.0">
							<lines>
								<line number="5" hits="0" branch="false"/>
								<line number="6" hits="0" branch="false"/>
							</lines>
						</method>
						<method name="&lt;init&gt;" signature="(Ljava/lang/String;)V" line-rate="1.0" branch-rate="1.0">
							<lines>
								<line number="9" hits="1" branch="false"/>
								<line number="10" hits="1" branch="false"/>
							</lines>
						</method>
					</methods>
					<lines>
						<line number="5" hits="0" branch="false"/>
						<line number="6" hits="0" branch="false"/>
						<line number="9" hits="1" branch="false"/>
						<line number="10" hits="1" branch="false"/>
					</lines>
				</class>
			</classes>
		</package>
		<package name="com.example.model" line-rate="0.48" branch-rate="1.0" complexity="1.0">
			<classes>
				<class name="com.example.model.Product" filename="com/example/model/Product.java" line-rate="0.48" branch-rate="1.0" complexity="1.0">
					<methods>
						<method name="&lt;init&gt;" signature="()V" line-rate="0.0" branch-rate="1.0">
							<lines>
								<line number="10" hits="0" branch="false"/>
								<line number="11" hits="0" branch="false"/>
							</lines>
						</method>
						<method name="&lt;init&gt;" signature="(ILjava/lang/String;DI)V" line-rate="1.0" branch-rate="1.0">
							<lines>
								<line number="20" hits="22" branch="false"/>
								<line number="21" hits="22" branch="false"/>
								<line number="22" hits="22" branch="false"/>
								<line number="23" hits="22" branch="false"/>
								<line number="24" hits="22" branch="false"/>
								<line number="25" hits="22" branch="false"/>
							</lines>
						</method>
						<method name="&lt;init&gt;" signature="(Ljava/lang/String;DI)V" line-rate="0.0" branch-rate="1.0">
							<lines>
								<line number="13" hits="0" branch="false"/>
								<line number="14" hits="0" branch="false"/>
								<line number="15" hits="0" branch="false"/>
								<line number="16" hits="0" branch="false"/>
								<line number="17" hits="0" branch="false"/>
							</lines>
						</method>
						<method name="getId" signature="()I" line-rate="1.0" branch-rate="1.0">
							<lines>
								<line number="28" hits="32" branch="false"/>
							</lines>
						</method>
						<method name="getPrice" signature="()D" line-rate="1.0" branch-rate="1.0">
							<lines>
								<line number="44" hits="3" branch="false"/>
							</lines>
						</method>
						<method name="getQty" signature="()I" line-rate="1.0" branch-rate="1.0">
							<lines>
								<line number="52" hits="34" branch="false"/>
							</lines>
						</method>
						<method name="getTitle" signature="()Ljava/lang/String;" line-rate="1.0" branch-rate="1.0">
							<lines>
								<line number="36" hits="2" branch="false"/>
							</lines>
						</method>
						<method name="setId" signature="(I)V" line-rate="0.0" branch-rate="1.0">
							<lines>
								<line number="32" hits="0" branch="false"/>
								<line number="33" hits="0" branch="false"/>
							</lines>
						</method>
						<method name="setPrice" signature="(D)V" line-rate="0.0" branch-rate="1.0">
							<lines>
								<line number="48" hits="0" branch="false"/>
								<line number="49" hits="0" branch="false"/>
							</lines>
						</method>
						<method name="setQty" signature="(I)V" line-rate="1.0" branch-rate="1.0">
							<lines>
								<line number="56" hits="12" branch="false"/>
								<line number="57" hits="12" branch="false"/>
							</lines>
						</method>
						<method name="setTitle" signature="(Ljava/lang/String;)V" line-rate="0.0" branch-rate="1.0">
							<lines>
								<line number="40" hits="0" branch="false"/>
								<line number="41" hits="0" branch="false"/>
							</lines>
						</method>
					</methods>
					<lines>
						<line number="10" hits="0" branch="false"/>
						<line number="11" hits="0" branch="false"/>
						<line number="13" hits="0" branch="false"/>
						<line number="14" hits="0" branch="false"/>
						<line number="15" hits="0" branch="false"/>
						<line number="16" hits="0" branch="false"/>
						<line number="17" hits="0" branch="false"/>
						<line number="20" hits="22" branch="false"/>
						<line number="21" hits="22" branch="false"/>
						<line number="22" hits="22" branch="false"/>
						<line number="23" hits="22" branch="false"/>
						<line number="24" hits="22" branch="false"/>
						<line number="25" hits="22" branch="false"/>
						<line number="28" hits="32" branch="false"/>
						<line number="32" hits="0" branch="false"/>
						<line number="33" hits="0" branch="false"/>
						<line number="36" hits="2" branch="false"/>
						<line number="40" hits="0" branch="false"/>
						<line number="41" hits="0" branch="false"/>
						<line number="44" hits="3" branch="false"/>
						<line number="48" hits="0" branch="false"/>
						<line number="49" hits="0" branch="false"/>
						<line number="52" hits="34" branch="false"/>
						<line number="56" hits="12" branch="false"/>
						<line number="57" hits="12" branch="false"/>
					</lines>
				</class>
			</classes>
		</package>
		<package name="com.example.service" line-rate="1.0" branch-rate="1.0" complexity="1.4444444444444444">
			<classes>
				<class name="com.example.service.MathService" filename="com/example/service/MathService.java" line-rate="1.0" branch-rate="1.0" complexity="1.6666666666666667">
					<methods>
						<method name="&lt;init&gt;" signature="()V" line-rate="1.0" branch-rate="1.0">
							<lines>
								<line number="5" hits="7" branch="false"/>
							</lines>
						</method>
						<method name="diff" signature="(II)I" line-rate="1.0" branch-rate="1.0">
							<lines>
								<line number="18" hits="1" branch="false"/>
							</lines>
						</method>
						<method name="divide" signature="(II)I" line-rate="1.0" branch-rate="1.0">
							<lines>
								<line number="22" hits="2" branch="true" condition-coverage="100% (2/2)">
									<conditions>
										<condition number="0" type="jump" coverage="100%"/>
									</conditions>
								</line>
								<line number="23" hits="1" branch="false"/>
								<line number="25" hits="1" branch="false"/>
							</lines>
						</method>
						<method name="sum" signature="(II)I" line-rate="1.0" branch-rate="1.0">
							<lines>
								<line number="13" hits="4" branch="false"/>
							</lines>
						</method>
					</methods>
					<lines>
						<line number="5" hits="7" branch="false"/>
						<line number="13" hits="4" branch="false"/>
						<line number="18" hits="1" branch="false"/>
						<line number="22" hits="2" branch="true" condition-coverage="100% (2/2)">
							<conditions>
								<condition number="0" type="jump" coverage="100%"/>
							</conditions>
						</line>
						<line number="23" hits="1" branch="false"/>
						<line number="25" hits="1" branch="false"/>
					</lines>
				</class>
				<class name="com.example.service.ShoppingCartService" filename="com/example/service/ShoppingCartService.java" line-rate="1.0" branch-rate="1.0" complexity="1.0">
					<methods>
					</methods>
					<lines>
					</lines>
				</class>
				<class name="com.example.service.ShoppingCartServiceImpl" filename="com/example/service/ShoppingCartServiceImpl.java" line-rate="1.0" branch-rate="1.0" complexity="1.75">
					<methods>
						<method name="&lt;init&gt;" signature="()V" line-rate="1.0" branch-rate="1.0">
							<lines>
								<line number="13" hits="10" branch="false"/>
								<line number="15" hits="10" branch="false"/>
								<line number="16" hits="10" branch="false"/>
								<line number="17" hits="10" branch="false"/>
							</lines>
						</method>
						<method name="addItem" signature="(Lcom/example/model/Product;)V" line-rate="1.0" branch-rate="1.0">
							<lines>
								<line number="22" hits="32" branch="false"/>
								<line number="23" hits="32" branch="true" condition-coverage="100% (2/2)">
									<conditions>
										<condition number="0" type="jump" coverage="100%"/>
									</conditions>
								</line>
								<line number="24" hits="10" branch="false"/>
								<line number="25" hits="10" branch="false"/>
								<line number="26" hits="10" branch="false"/>
								<line number="27" hits="22" branch="false"/>
								<line number="29" hits="32" branch="false"/>
							</lines>
						</method>
						<method name="clearCart" signature="()V" line-rate="1.0" branch-rate="1.0">
							<lines>
								<line number="72" hits="1" branch="false"/>
								<line number="73" hits="1" branch="false"/>
							</lines>
						</method>
						<method name="countItems" signature="()I" line-rate="1.0" branch-rate="1.0">
							<lines>
								<line number="33" hits="9" branch="false"/>
								<line number="34" hits="9" branch="false"/>
								<line number="35" hits="9" branch="true" condition-coverage="100% (2/2)">
									<conditions>
										<condition number="0" type="jump" coverage="100%"/>
									</conditions>
								</line>
								<line number="36" hits="17" branch="false"/>
								<line number="37" hits="17" branch="false"/>
								<line number="38" hits="9" branch="false"/>
							</lines>
						</method>
						<method name="placeOrder" signature="()Ljava/lang/String;" line-rate="1.0" branch-rate="1.0">
							<lines>
								<line number="78" hits="3" branch="false"/>
								<line number="79" hits="3" branch="false"/>
								<line number="80" hits="3" branch="false"/>
								<line number="81" hits="3" branch="false"/>
							</lines>
						</method>
						<method name="removeItem" signature="(I)V" line-rate="1.0" branch-rate="1.0">
							<lines>
								<line number="54" hits="3" branch="true" condition-coverage="100% (2/2)">
									<conditions>
										<condition number="0" type="jump" coverage="100%"/>
									</conditions>
								</line>
								<line number="55" hits="2" branch="false"/>
								<line number="56" hits="2" branch="false"/>
								<line number="58" hits="2" branch="true" condition-coverage="100% (2/2)">
									<conditions>
										<condition number="0" type="jump" coverage="100%"/>
									</conditions>
								</line>
								<line number="59" hits="1" branch="false"/>
								<line number="60" hits="2" branch="false"/>
								<line number="61" hits="1" branch="false"/>
								<line number="63" hits="2" branch="false"/>
							</lines>
						</method>
						<method name="showDetail" signature="()[Ljava/lang/Object;" line-rate="1.0" branch-rate="1.0">
							<lines>
								<line number="67" hits="7" branch="false"/>
							</lines>
						</method>
						<method name="totalPrice" signature="()D" line-rate="1.0" branch-rate="1.0">
							<lines>
								<line number="43" hits="1" branch="false"/>
								<line number="44" hits="1" branch="false"/>
								<line number="45" hits="1" branch="true" condition-coverage="100% (2/2)">
									<conditions>
										<condition number="0" type="jump" coverage="100%"/>
									</conditions>
								</line>
								<line number="46" hits="3" branch="false"/>
								<line number="47" hits="3" branch="false"/>
								<line number="48" hits="3" branch="false"/>
								<line number="49" hits="1" branch="false"/>
							</lines>
						</method>
					</methods>
					<lines>
						<line number="13" hits="10" branch="false"/>
						<line number="15" hits="10" branch="false"/>
						<line number="16" hits="10" branch="false"/>
						<line number="17" hits="10" branch="false"/>
						<line number="22" hits="32" branch="false"/>
						<line number="23" hits="32" branch="true" condition-coverage="100% (2/2)">
							<conditions>
								<condition number="0" type="jump" coverage="100%"/>
							</conditions>
						</line>
						<line number="24" hits="10" branch="false"/>
						<line number="25" hits="10" branch="false"/>
						<line number="26" hits="10" branch="false"/>
						<line number="27" hits="22" branch="false"/>
						<line number="29" hits="32" branch="false"/>
						<line number="33" hits="9" branch="false"/>
						<line number="34" hits="9" branch="false"/>
						<line number="35" hits="9" branch="true" condition-coverage="100% (2/2)">
							<conditions>
								<condition number="0" type="jump" coverage="100%"/>
							</conditions>
						</line>
						<line number="36" hits="17" branch="false"/>
						<line number="37" hits="17" branch="false"/>
						<line number="38" hits="9" branch="false"/>
						<line number="43" hits="1" branch="false"/>
						<line number="44" hits="1" branch="false"/>
						<line number="45" hits="1" branch="true" condition-coverage="100% (2/2)">
							<conditions>
								<condition number="0" type="jump" coverage="100%"/>
							</conditions>
						</line>
						<line number="46" hits="3" branch="false"/>
						<line number="47" hits="3" branch="false"/>
						<line number="48" hits="3" branch="false"/>
						<line number="49" hits="1" branch="false"/>
						<line number="54" hits="3" branch="true" condition-coverage="100% (2/2)">
							<conditions>
								<condition number="0" type="jump" coverage="100%"/>
							</conditions>
						</line>
						<line number="55" hits="2" branch="false"/>
						<line number="56" hits="2" branch="false"/>
						<line number="58" hits="2" branch="true" condition-coverage="100% (2/2)">
							<conditions>
								<condition number="0" type="jump" coverage="100%"/>
							</conditions>
						</line>
						<line number="59" hits="1" branch="false"/>
						<line number="60" hits="2" branch="false"/>
						<line number="61" hits="1" branch="false"/>
						<line number="63" hits="2" branch="false"/>
						<line number="67" hits="7" branch="false"/>
						<line number="72" hits="1" branch="false"/>
						<line number="73" hits="1" branch="false"/>
						<line number="78" hits="3" branch="false"/>
						<line number="79" hits="3" branch="false"/>
						<line number="80" hits="3" branch="false"/>
						<line number="81" hits="3" branch="false"/>
					</lines>
				</class>
			</classes>
		</package>
	</packages>
</coverage>
